<?xml version="1.0" encoding="UTF-8"?>
<!-- Generated by org.testng.reporters.JUnitReportReporter -->
<testsuite skipped="0" hostname="MacBook-Pro-Mike.local" name="com.labutin.task1b.observer.ResgistratorTest" tests="1" failures="0" timestamp="26 апр 2018 06:02:33 GMT" time="0.017" errors="0">
  <testcase name="testReg" time="0.017" classname="com.labutin.task1b.observer.ResgistratorTest"/>
</testsuite> <!-- com.labutin.task1b.observer.ResgistratorTest -->
