<?xml version="1.0" encoding="UTF-8"?>
<!-- Generated by org.testng.reporters.JUnitReportReporter -->
<testsuite skipped="0" hostname="MacBook-Pro-Mike.local" name="com.labutin.task1b.repository.ResgistratorTest" tests="1" failures="0" timestamp="25 апр 2018 21:55:53 GMT" time="0.014" errors="0">
  <testcase name="testReg" time="0.014" classname="com.labutin.task1b.repository.ResgistratorTest"/>
</testsuite> <!-- com.labutin.task1b.repository.ResgistratorTest -->
