<?xml version="1.0" encoding="UTF-8"?>
<!-- Generated by org.testng.reporters.JUnitReportReporter -->
<testsuite skipped="0" hostname="MacBook-Pro-Mike.local" name="com.labutin.task1.test.BuilderTest" tests="2" failures="0" timestamp="24 апр 2018 16:54:43 GMT" time="0.115" errors="0">
  <testcase name="pointBuilderTest" time="0.112" classname="com.labutin.task1.test.BuilderTest"/>
  <testcase name="sphereBuilderTest" time="0.003" classname="com.labutin.task1.test.BuilderTest"/>
</testsuite> <!-- com.labutin.task1.test.BuilderTest -->
