<?xml version="1.0" encoding="UTF-8"?>
<!-- Generated by org.testng.reporters.JUnitReportReporter -->
<testsuite skipped="0" hostname="MacBook-Pro-Mike.local" name="com.labutin.task1b.action.SphereActionTest" tests="10" failures="0" timestamp="25 апр 2018 16:25:46 GMT" time="0.029" errors="0">
  <testcase name="countVolumeRatioTest" time="0.002" classname="com.labutin.task1b.action.SphereActionTest"/>
  <testcase name="checkOnTouchCoordinatePlanesTest" time="0.001" classname="com.labutin.task1b.action.SphereActionTest"/>
  <testcase name="countAreaTest" time="0.001" classname="com.labutin.task1b.action.SphereActionTest"/>
  <testcase name="checkOnTouchCoordinatePlanesTest" time="0.018" classname="com.labutin.task1b.action.SphereActionTest"/>
  <testcase name="countAreaTest" time="0.001" classname="com.labutin.task1b.action.SphereActionTest"/>
  <testcase name="countVolumeRatioTestExcepion" time="0.001" classname="com.labutin.task1b.action.SphereActionTest"/>
  <testcase name="countVolumeRatioTest" time="0.001" classname="com.labutin.task1b.action.SphereActionTest"/>
  <testcase name="countVolumeTset" time="0.001" classname="com.labutin.task1b.action.SphereActionTest"/>
  <testcase name="countVolumeRatioTestExcepion" time="0.001" classname="com.labutin.task1b.action.SphereActionTest"/>
  <testcase name="countVolumeTset" time="0.002" classname="com.labutin.task1b.action.SphereActionTest"/>
</testsuite> <!-- com.labutin.task1b.action.SphereActionTest -->
