<?xml version="1.0" encoding="UTF-8"?>
<!-- Generated by org.testng.reporters.JUnitReportReporter -->
<testsuite skipped="0" hostname="MacBook-Pro-Mike.local" name="com.labutin.task1b.repository.SphereRepositoryTest" tests="1" failures="0" timestamp="26 апр 2018 06:09:43 GMT" time="0.014" errors="0">
  <testcase name="FindByIdSpecificationTest" time="0.014" classname="com.labutin.task1b.repository.SphereRepositoryTest"/>
</testsuite> <!-- com.labutin.task1b.repository.SphereRepositoryTest -->
