<?xml version="1.0" encoding="UTF-8"?>
<!-- Generated by org.testng.reporters.JUnitReportReporter -->
<testsuite skipped="0" hostname="MacBook-Pro-Mike.local" name="com.labutin.task1b.reader.DataManagerTest" tests="2" failures="0" timestamp="25 апр 2018 16:25:51 GMT" time="0.102" errors="0">
  <testcase name="testSphereData" time="0.097" classname="com.labutin.task1b.reader.DataManagerTest"/>
  <testcase name="testSphereData" time="0.005" classname="com.labutin.task1b.reader.DataManagerTest"/>
</testsuite> <!-- com.labutin.task1b.reader.DataManagerTest -->
