<?xml version="1.0" encoding="UTF-8"?>
<!-- Generated by org.testng.reporters.JUnitReportReporter -->
<testsuite skipped="0" hostname="MacBook-Pro-Mike.local" name="com.labutin.task1.test.PointActionTest" tests="1" failures="0" timestamp="18 апр 2018 21:38:04 GMT" time="0.021" errors="0">
  <testcase name="length" time="0.021" classname="com.labutin.task1.test.PointActionTest"/>
</testsuite> <!-- com.labutin.task1.test.PointActionTest -->
