<?xml version="1.0" encoding="UTF-8"?>
<!-- Generated by org.testng.reporters.JUnitReportReporter -->
<testsuite skipped="0" hostname="MacBook-Pro-Mike.local" name="com.labutin.task1.reader.DataManagerTest" tests="1" failures="0" timestamp="25 апр 2018 16:23:57 GMT" time="0.124" errors="0">
  <testcase name="testSphereData" time="0.124" classname="com.labutin.task1.reader.DataManagerTest"/>
</testsuite> <!-- com.labutin.task1.reader.DataManagerTest -->
