<?xml version="1.0" encoding="UTF-8"?>
<!-- Generated by org.testng.reporters.JUnitReportReporter -->
<testsuite skipped="0" hostname="MacBook-Pro-Mike.local" name="com.labutin.task1.factory.BuilderTest" tests="2" failures="0" timestamp="24 апр 2018 19:10:52 GMT" time="0.095" errors="0">
  <testcase name="sphereBuilderTest" time="0.003" classname="com.labutin.task1.factory.BuilderTest"/>
  <testcase name="pointBuilderTest" time="0.092" classname="com.labutin.task1.factory.BuilderTest"/>
</testsuite> <!-- com.labutin.task1.factory.BuilderTest -->
