<?xml version="1.0" encoding="UTF-8"?>
<!-- Generated by org.testng.reporters.JUnitReportReporter -->
<testsuite skipped="0" hostname="MacBook-Pro-Mike.local" name="com.labutin.task1.action.SphereActionTest" tests="5" failures="0" timestamp="24 апр 2018 19:10:57 GMT" time="0.024" errors="0">
  <testcase name="countVolumeTset" time="0.001" classname="com.labutin.task1.action.SphereActionTest"/>
  <testcase name="countVolumeRatioTest" time="0.002" classname="com.labutin.task1.action.SphereActionTest"/>
  <testcase name="checkOnTouchCoordinatePlanesTest" time="0.016" classname="com.labutin.task1.action.SphereActionTest"/>
  <testcase name="countAreaTest" time="0.002" classname="com.labutin.task1.action.SphereActionTest"/>
  <testcase name="countVolumeRatioTestExcepion" time="0.003" classname="com.labutin.task1.action.SphereActionTest"/>
</testsuite> <!-- com.labutin.task1.action.SphereActionTest -->
